<?xml version="1.0"?>
<!DOCTYPE coverage SYSTEM "http://cobertura.sourceforge.net/xml/coverage-04.dtd">
<coverage line-rate="0.9174757281553398" branch-rate="1.0000000000000000" lines-covered="378" lines-valid="412" branches-covered="0" branches-valid="0" complexity="0.0" timestamp="1561446781" version="Slather 2.4.7">
  <sources>
    <source>/Users/fr3qfly/Developer/@Fr3qFly_Dev/PersistanceService</source>
  </sources>
  <packages>
    <package name="Sources.FFPersistanceService" line-rate="0.8142076502732241" branch-rate="1.0000000000000000" complexity="0.0">
      <classes>
        <class name="Persistable+Types" filename="Sources/FFPersistanceService/Persistable+Types.swift" line-rate="0.6969696969696970" branch-rate="1.0000000000000000" complexity="0.0">
          <methods/>
          <lines>
            <line number="13" branch="false" hits="10"/>
            <line number="14" branch="false" hits="10"/>
            <line number="15" branch="false" hits="10"/>
            <line number="17" branch="false" hits="10"/>
            <line number="18" branch="false" hits="10"/>
            <line number="19" branch="false" hits="10"/>
            <line number="28" branch="false" hits="0"/>
            <line number="29" branch="false" hits="0"/>
            <line number="30" branch="false" hits="0"/>
            <line number="31" branch="false" hits="0"/>
            <line number="32" branch="false" hits="0"/>
            <line number="33" branch="false" hits="0"/>
            <line number="34" branch="false" hits="0"/>
            <line number="35" branch="false" hits="0"/>
            <line number="39" branch="false" hits="7"/>
            <line number="40" branch="false" hits="7"/>
            <line number="41" branch="false" hits="0"/>
            <line number="42" branch="false" hits="7"/>
            <line number="43" branch="false" hits="7"/>
            <line number="44" branch="false" hits="7"/>
            <line number="46" branch="false" hits="6"/>
            <line number="47" branch="false" hits="6"/>
            <line number="48" branch="false" hits="0"/>
            <line number="49" branch="false" hits="6"/>
            <line number="50" branch="false" hits="6"/>
            <line number="51" branch="false" hits="6"/>
            <line number="59" branch="false" hits="6"/>
            <line number="60" branch="false" hits="6"/>
            <line number="61" branch="false" hits="1"/>
            <line number="62" branch="false" hits="1"/>
            <line number="63" branch="false" hits="5"/>
            <line number="64" branch="false" hits="5"/>
            <line number="65" branch="false" hits="5"/>
          </lines>
        </class>
        <class name="Persistable" filename="Sources/FFPersistanceService/Persistable.swift" line-rate="1.0000000000000000" branch-rate="1.0000000000000000" complexity="0.0">
          <methods/>
          <lines>
            <line number="27" branch="false" hits="2"/>
            <line number="28" branch="false" hits="2"/>
            <line number="29" branch="false" hits="2"/>
            <line number="33" branch="false" hits="6"/>
            <line number="34" branch="false" hits="6"/>
            <line number="35" branch="false" hits="6"/>
            <line number="37" branch="false" hits="12"/>
            <line number="38" branch="false" hits="12"/>
            <line number="39" branch="false" hits="12"/>
            <line number="41" branch="false" hits="31"/>
            <line number="42" branch="false" hits="31"/>
            <line number="43" branch="false" hits="31"/>
            <line number="45" branch="false" hits="31"/>
            <line number="46" branch="false" hits="31"/>
            <line number="47" branch="false" hits="31"/>
            <line number="49" branch="false" hits="6"/>
            <line number="50" branch="false" hits="6"/>
            <line number="51" branch="false" hits="6"/>
            <line number="53" branch="false" hits="6"/>
            <line number="54" branch="false" hits="6"/>
            <line number="55" branch="false" hits="6"/>
            <line number="57" branch="false" hits="9"/>
            <line number="58" branch="false" hits="9"/>
            <line number="59" branch="false" hits="9"/>
            <line number="61" branch="false" hits="3"/>
            <line number="62" branch="false" hits="3"/>
            <line number="63" branch="false" hits="3"/>
          </lines>
        </class>
        <class name="PersistanceKeyRepresentable" filename="Sources/FFPersistanceService/PersistanceKeyRepresentable.swift" line-rate="0.5000000000000000" branch-rate="1.0000000000000000" complexity="0.0">
          <methods/>
          <lines>
            <line number="16" branch="false" hits="1"/>
            <line number="17" branch="false" hits="1"/>
            <line number="18" branch="false" hits="1"/>
            <line number="20" branch="false" hits="4"/>
            <line number="21" branch="false" hits="4"/>
            <line number="22" branch="false" hits="4"/>
            <line number="24" branch="false" hits="1"/>
            <line number="25" branch="false" hits="1"/>
            <line number="26" branch="false" hits="1"/>
            <line number="28" branch="false" hits="1"/>
            <line number="29" branch="false" hits="1"/>
            <line number="30" branch="false" hits="1"/>
            <line number="34" branch="false" hits="0"/>
            <line number="35" branch="false" hits="0"/>
            <line number="36" branch="false" hits="0"/>
            <line number="38" branch="false" hits="0"/>
            <line number="39" branch="false" hits="0"/>
            <line number="40" branch="false" hits="0"/>
            <line number="42" branch="false" hits="0"/>
            <line number="43" branch="false" hits="0"/>
            <line number="44" branch="false" hits="0"/>
            <line number="46" branch="false" hits="0"/>
            <line number="47" branch="false" hits="0"/>
            <line number="48" branch="false" hits="0"/>
          </lines>
        </class>
        <class name="PersistanceService" filename="Sources/FFPersistanceService/PersistanceService.swift" line-rate="1.0000000000000000" branch-rate="1.0000000000000000" complexity="0.0">
          <methods/>
          <lines>
            <line number="15" branch="false" hits="85"/>
            <line number="16" branch="false" hits="85"/>
            <line number="17" branch="false" hits="85"/>
            <line number="18" branch="false" hits="40"/>
            <line number="19" branch="false" hits="85"/>
            <line number="20" branch="false" hits="45"/>
            <line number="21" branch="false" hits="85"/>
            <line number="22" branch="false" hits="85"/>
          </lines>
        </class>
        <class name="SecurePersistable" filename="Sources/FFPersistanceService/SecurePersistable.swift" line-rate="1.0000000000000000" branch-rate="1.0000000000000000" complexity="0.0">
          <methods/>
          <lines>
            <line number="14" branch="false" hits="2"/>
            <line number="15" branch="false" hits="2"/>
            <line number="16" branch="false" hits="2"/>
            <line number="18" branch="false" hits="7"/>
            <line number="19" branch="false" hits="7"/>
            <line number="20" branch="false" hits="7"/>
            <line number="22" branch="false" hits="2"/>
            <line number="23" branch="false" hits="2"/>
            <line number="24" branch="false" hits="2"/>
          </lines>
        </class>
        <class name="SecureStorage+PersistanceService" filename="Sources/FFPersistanceService/SecureStorage+PersistanceService.swift" line-rate="1.0000000000000000" branch-rate="1.0000000000000000" complexity="0.0">
          <methods/>
          <lines>
            <line number="12" branch="false" hits="7"/>
            <line number="13" branch="false" hits="7"/>
            <line number="14" branch="false" hits="7"/>
            <line number="15" branch="false" hits="7"/>
            <line number="17" branch="false" hits="18"/>
            <line number="18" branch="false" hits="18"/>
            <line number="19" branch="false" hits="18"/>
            <line number="20" branch="false" hits="18"/>
            <line number="22" branch="false" hits="27"/>
            <line number="23" branch="false" hits="27"/>
            <line number="24" branch="false" hits="27"/>
          </lines>
        </class>
        <class name="SecureStorage" filename="Sources/FFPersistanceService/SecureStorage.swift" line-rate="0.8604651162790697" branch-rate="1.0000000000000000" complexity="0.0">
          <methods/>
          <lines>
            <line number="25" branch="false" hits="0"/>
            <line number="26" branch="false" hits="0"/>
            <line number="27" branch="false" hits="0"/>
            <line number="28" branch="false" hits="0"/>
            <line number="29" branch="false" hits="0"/>
            <line number="30" branch="false" hits="0"/>
            <line number="35" branch="false" hits="1"/>
            <line number="36" branch="false" hits="1"/>
            <line number="37" branch="false" hits="1"/>
            <line number="41" branch="false" hits="11"/>
            <line number="42" branch="false" hits="11"/>
            <line number="43" branch="false" hits="11"/>
            <line number="44" branch="false" hits="11"/>
            <line number="45" branch="false" hits="11"/>
            <line number="46" branch="false" hits="11"/>
            <line number="47" branch="false" hits="11"/>
            <line number="48" branch="false" hits="11"/>
            <line number="49" branch="false" hits="11"/>
            <line number="50" branch="false" hits="11"/>
            <line number="52" branch="false" hits="23"/>
            <line number="53" branch="false" hits="23"/>
            <line number="54" branch="false" hits="23"/>
            <line number="55" branch="false" hits="23"/>
            <line number="56" branch="false" hits="23"/>
            <line number="57" branch="false" hits="23"/>
            <line number="58" branch="false" hits="23"/>
            <line number="59" branch="false" hits="23"/>
            <line number="60" branch="false" hits="23"/>
            <line number="61" branch="false" hits="23"/>
            <line number="62" branch="false" hits="13"/>
            <line number="63" branch="false" hits="13"/>
            <line number="64" branch="false" hits="13"/>
            <line number="65" branch="false" hits="13"/>
            <line number="66" branch="false" hits="13"/>
            <line number="67" branch="false" hits="13"/>
            <line number="68" branch="false" hits="13"/>
            <line number="69" branch="false" hits="10"/>
            <line number="70" branch="false" hits="23"/>
            <line number="72" branch="false" hits="33"/>
            <line number="73" branch="false" hits="33"/>
            <line number="74" branch="false" hits="33"/>
            <line number="75" branch="false" hits="33"/>
            <line number="76" branch="false" hits="33"/>
          </lines>
        </class>
        <class name="UserDefaults+PersistanceService" filename="Sources/FFPersistanceService/UserDefaults+PersistanceService.swift" line-rate="0.6842105263157895" branch-rate="1.0000000000000000" complexity="0.0">
          <methods/>
          <lines>
            <line number="15" branch="false" hits="0"/>
            <line number="16" branch="false" hits="0"/>
            <line number="17" branch="false" hits="0"/>
            <line number="18" branch="false" hits="0"/>
            <line number="19" branch="false" hits="0"/>
            <line number="20" branch="false" hits="0"/>
            <line number="22" branch="false" hits="10"/>
            <line number="23" branch="false" hits="10"/>
            <line number="24" branch="false" hits="10"/>
            <line number="25" branch="false" hits="10"/>
            <line number="27" branch="false" hits="22"/>
            <line number="28" branch="false" hits="22"/>
            <line number="29" branch="false" hits="13"/>
            <line number="30" branch="false" hits="13"/>
            <line number="31" branch="false" hits="9"/>
            <line number="32" branch="false" hits="22"/>
            <line number="34" branch="false" hits="21"/>
            <line number="35" branch="false" hits="21"/>
            <line number="36" branch="false" hits="21"/>
          </lines>
        </class>
        <class name="UserDefaultsPersistable" filename="Sources/FFPersistanceService/UserDefaultsPersistable.swift" line-rate="1.0000000000000000" branch-rate="1.0000000000000000" complexity="0.0">
          <methods/>
          <lines>
            <line number="14" branch="false" hits="1"/>
            <line number="15" branch="false" hits="1"/>
            <line number="16" branch="false" hits="1"/>
            <line number="18" branch="false" hits="3"/>
            <line number="19" branch="false" hits="3"/>
            <line number="20" branch="false" hits="3"/>
            <line number="22" branch="false" hits="1"/>
            <line number="23" branch="false" hits="1"/>
            <line number="24" branch="false" hits="1"/>
          </lines>
        </class>
      </classes>
    </package>
    <package name="Tests.PersistanceServiceTests" line-rate="1.0000000000000000" branch-rate="1.0000000000000000" complexity="0.0">
      <classes>
        <class name="Mocks" filename="Tests/PersistanceServiceTests/Mocks.swift" line-rate="1.0000000000000000" branch-rate="1.0000000000000000" complexity="0.0">
          <methods/>
          <lines>
            <line number="25" branch="false" hits="6"/>
            <line number="26" branch="false" hits="6"/>
            <line number="27" branch="false" hits="6"/>
          </lines>
        </class>
        <class name="PersistableTests" filename="Tests/PersistanceServiceTests/PersistableTests.swift" line-rate="1.0000000000000000" branch-rate="1.0000000000000000" complexity="0.0">
          <methods/>
          <lines>
            <line number="32" branch="false" hits="11"/>
            <line number="33" branch="false" hits="11"/>
            <line number="35" branch="false" hits="11"/>
            <line number="36" branch="false" hits="11"/>
            <line number="37" branch="false" hits="11"/>
            <line number="38" branch="false" hits="11"/>
            <line number="39" branch="false" hits="11"/>
            <line number="40" branch="false" hits="11"/>
            <line number="42" branch="false" hits="1"/>
            <line number="43" branch="false" hits="1"/>
            <line number="44" branch="false" hits="1"/>
            <line number="45" branch="false" hits="1"/>
            <line number="46" branch="false" hits="1"/>
            <line number="47" branch="false" hits="1"/>
            <line number="48" branch="false" hits="1"/>
            <line number="49" branch="false" hits="1"/>
            <line number="50" branch="false" hits="1"/>
            <line number="51" branch="false" hits="1"/>
            <line number="52" branch="false" hits="1"/>
            <line number="53" branch="false" hits="1"/>
            <line number="54" branch="false" hits="1"/>
            <line number="56" branch="false" hits="1"/>
            <line number="57" branch="false" hits="1"/>
            <line number="58" branch="false" hits="1"/>
            <line number="59" branch="false" hits="1"/>
            <line number="60" branch="false" hits="1"/>
            <line number="61" branch="false" hits="1"/>
            <line number="62" branch="false" hits="1"/>
            <line number="63" branch="false" hits="1"/>
            <line number="64" branch="false" hits="1"/>
            <line number="65" branch="false" hits="1"/>
            <line number="66" branch="false" hits="1"/>
            <line number="67" branch="false" hits="1"/>
            <line number="68" branch="false" hits="1"/>
            <line number="70" branch="false" hits="1"/>
            <line number="71" branch="false" hits="1"/>
            <line number="72" branch="false" hits="1"/>
            <line number="73" branch="false" hits="1"/>
            <line number="74" branch="false" hits="1"/>
            <line number="75" branch="false" hits="1"/>
            <line number="76" branch="false" hits="1"/>
            <line number="77" branch="false" hits="1"/>
            <line number="78" branch="false" hits="1"/>
            <line number="79" branch="false" hits="1"/>
            <line number="80" branch="false" hits="1"/>
            <line number="81" branch="false" hits="1"/>
            <line number="82" branch="false" hits="1"/>
            <line number="84" branch="false" hits="1"/>
            <line number="85" branch="false" hits="1"/>
            <line number="86" branch="false" hits="1"/>
            <line number="87" branch="false" hits="1"/>
            <line number="88" branch="false" hits="1"/>
            <line number="89" branch="false" hits="1"/>
            <line number="90" branch="false" hits="1"/>
            <line number="91" branch="false" hits="1"/>
            <line number="92" branch="false" hits="1"/>
            <line number="93" branch="false" hits="1"/>
            <line number="94" branch="false" hits="1"/>
            <line number="95" branch="false" hits="1"/>
            <line number="96" branch="false" hits="1"/>
            <line number="97" branch="false" hits="1"/>
            <line number="98" branch="false" hits="1"/>
            <line number="99" branch="false" hits="1"/>
            <line number="101" branch="false" hits="1"/>
            <line number="102" branch="false" hits="1"/>
            <line number="103" branch="false" hits="1"/>
            <line number="104" branch="false" hits="1"/>
            <line number="105" branch="false" hits="1"/>
            <line number="106" branch="false" hits="1"/>
            <line number="107" branch="false" hits="1"/>
            <line number="108" branch="false" hits="1"/>
            <line number="109" branch="false" hits="1"/>
            <line number="110" branch="false" hits="1"/>
            <line number="111" branch="false" hits="1"/>
            <line number="112" branch="false" hits="1"/>
            <line number="113" branch="false" hits="1"/>
            <line number="115" branch="false" hits="1"/>
            <line number="116" branch="false" hits="1"/>
            <line number="117" branch="false" hits="1"/>
            <line number="118" branch="false" hits="1"/>
            <line number="119" branch="false" hits="1"/>
            <line number="120" branch="false" hits="1"/>
            <line number="121" branch="false" hits="1"/>
            <line number="122" branch="false" hits="1"/>
            <line number="123" branch="false" hits="1"/>
            <line number="124" branch="false" hits="1"/>
            <line number="125" branch="false" hits="1"/>
            <line number="126" branch="false" hits="1"/>
            <line number="128" branch="false" hits="1"/>
            <line number="129" branch="false" hits="1"/>
            <line number="130" branch="false" hits="1"/>
            <line number="131" branch="false" hits="1"/>
            <line number="132" branch="false" hits="1"/>
            <line number="133" branch="false" hits="1"/>
            <line number="134" branch="false" hits="1"/>
            <line number="135" branch="false" hits="1"/>
            <line number="136" branch="false" hits="1"/>
            <line number="137" branch="false" hits="1"/>
            <line number="138" branch="false" hits="1"/>
            <line number="139" branch="false" hits="1"/>
            <line number="141" branch="false" hits="1"/>
            <line number="142" branch="false" hits="1"/>
            <line number="143" branch="false" hits="1"/>
            <line number="144" branch="false" hits="1"/>
            <line number="145" branch="false" hits="1"/>
            <line number="146" branch="false" hits="1"/>
            <line number="147" branch="false" hits="1"/>
            <line number="148" branch="false" hits="1"/>
            <line number="149" branch="false" hits="1"/>
            <line number="150" branch="false" hits="1"/>
            <line number="151" branch="false" hits="1"/>
            <line number="152" branch="false" hits="1"/>
            <line number="154" branch="false" hits="1"/>
            <line number="155" branch="false" hits="1"/>
            <line number="156" branch="false" hits="1"/>
            <line number="157" branch="false" hits="1"/>
            <line number="158" branch="false" hits="1"/>
            <line number="159" branch="false" hits="1"/>
            <line number="160" branch="false" hits="1"/>
            <line number="161" branch="false" hits="1"/>
            <line number="162" branch="false" hits="1"/>
            <line number="163" branch="false" hits="1"/>
            <line number="164" branch="false" hits="1"/>
            <line number="165" branch="false" hits="1"/>
            <line number="166" branch="false" hits="1"/>
            <line number="168" branch="false" hits="1"/>
            <line number="169" branch="false" hits="1"/>
            <line number="170" branch="false" hits="1"/>
            <line number="171" branch="false" hits="1"/>
            <line number="172" branch="false" hits="1"/>
            <line number="173" branch="false" hits="1"/>
            <line number="174" branch="false" hits="1"/>
            <line number="175" branch="false" hits="1"/>
            <line number="176" branch="false" hits="1"/>
            <line number="177" branch="false" hits="1"/>
            <line number="178" branch="false" hits="1"/>
            <line number="180" branch="false" hits="1"/>
            <line number="181" branch="false" hits="1"/>
            <line number="182" branch="false" hits="1"/>
            <line number="183" branch="false" hits="1"/>
            <line number="184" branch="false" hits="1"/>
            <line number="185" branch="false" hits="1"/>
            <line number="186" branch="false" hits="1"/>
            <line number="187" branch="false" hits="1"/>
          </lines>
        </class>
        <class name="SecureStorageTests" filename="Tests/PersistanceServiceTests/SecureStorageTests.swift" line-rate="1.0000000000000000" branch-rate="1.0000000000000000" complexity="0.0">
          <methods/>
          <lines>
            <line number="25" branch="false" hits="5"/>
            <line number="26" branch="false" hits="5"/>
            <line number="27" branch="false" hits="5"/>
            <line number="28" branch="false" hits="5"/>
            <line number="30" branch="false" hits="5"/>
            <line number="31" branch="false" hits="5"/>
            <line number="32" branch="false" hits="5"/>
            <line number="33" branch="false" hits="5"/>
            <line number="34" branch="false" hits="5"/>
            <line number="36" branch="false" hits="1"/>
            <line number="37" branch="false" hits="1"/>
            <line number="38" branch="false" hits="1"/>
            <line number="39" branch="false" hits="1"/>
            <line number="40" branch="false" hits="1"/>
            <line number="41" branch="false" hits="1"/>
            <line number="42" branch="false" hits="1"/>
            <line number="43" branch="false" hits="1"/>
            <line number="45" branch="false" hits="1"/>
            <line number="46" branch="false" hits="1"/>
            <line number="47" branch="false" hits="1"/>
            <line number="48" branch="false" hits="1"/>
            <line number="49" branch="false" hits="1"/>
            <line number="50" branch="false" hits="1"/>
            <line number="51" branch="false" hits="1"/>
            <line number="52" branch="false" hits="1"/>
            <line number="54" branch="false" hits="1"/>
            <line number="55" branch="false" hits="1"/>
            <line number="56" branch="false" hits="1"/>
            <line number="57" branch="false" hits="1"/>
            <line number="58" branch="false" hits="1"/>
            <line number="59" branch="false" hits="1"/>
            <line number="60" branch="false" hits="1"/>
            <line number="61" branch="false" hits="1"/>
            <line number="62" branch="false" hits="1"/>
            <line number="64" branch="false" hits="1"/>
            <line number="65" branch="false" hits="1"/>
            <line number="66" branch="false" hits="1"/>
            <line number="67" branch="false" hits="1"/>
            <line number="68" branch="false" hits="1"/>
            <line number="69" branch="false" hits="1"/>
            <line number="70" branch="false" hits="1"/>
            <line number="71" branch="false" hits="1"/>
            <line number="72" branch="false" hits="1"/>
            <line number="74" branch="false" hits="1"/>
            <line number="75" branch="false" hits="1"/>
            <line number="76" branch="false" hits="1"/>
            <line number="77" branch="false" hits="1"/>
            <line number="78" branch="false" hits="1"/>
            <line number="79" branch="false" hits="1"/>
            <line number="80" branch="false" hits="1"/>
            <line number="81" branch="false" hits="1"/>
          </lines>
        </class>
        <class name="UserDefaultsTests" filename="Tests/PersistanceServiceTests/UserDefaultsTests.swift" line-rate="1.0000000000000000" branch-rate="1.0000000000000000" complexity="0.0">
          <methods/>
          <lines>
            <line number="23" branch="false" hits="3"/>
            <line number="24" branch="false" hits="3"/>
            <line number="25" branch="false" hits="3"/>
            <line number="27" branch="false" hits="3"/>
            <line number="28" branch="false" hits="3"/>
            <line number="29" branch="false" hits="3"/>
            <line number="30" branch="false" hits="3"/>
            <line number="32" branch="false" hits="1"/>
            <line number="33" branch="false" hits="1"/>
            <line number="34" branch="false" hits="1"/>
            <line number="35" branch="false" hits="1"/>
            <line number="36" branch="false" hits="1"/>
            <line number="37" branch="false" hits="1"/>
            <line number="38" branch="false" hits="1"/>
            <line number="39" branch="false" hits="1"/>
            <line number="41" branch="false" hits="1"/>
            <line number="42" branch="false" hits="1"/>
            <line number="43" branch="false" hits="1"/>
            <line number="44" branch="false" hits="1"/>
            <line number="45" branch="false" hits="1"/>
            <line number="46" branch="false" hits="1"/>
            <line number="47" branch="false" hits="1"/>
            <line number="48" branch="false" hits="1"/>
            <line number="49" branch="false" hits="1"/>
            <line number="51" branch="false" hits="1"/>
            <line number="52" branch="false" hits="1"/>
            <line number="53" branch="false" hits="1"/>
            <line number="54" branch="false" hits="1"/>
            <line number="55" branch="false" hits="1"/>
            <line number="56" branch="false" hits="1"/>
            <line number="57" branch="false" hits="1"/>
          </lines>
        </class>
      </classes>
    </package>
  </packages>
</coverage>
